2018-04-09 21:13:05 INFO  DB:34 - Reader task started..
2018-04-09 21:13:06 INFO  DB:45 - Last id is 541865800
2018-04-09 21:13:07 INFO  DB:49 - 19655 records is read, 1039ms
2018-04-09 21:13:14 INFO  DB:72 - 19655 record is pushed, 6781ms
2018-04-09 21:13:14 INFO  DB:88 - Reader task stopped..
2018-04-09 21:13:15 INFO  DB:34 - Reader task started..
2018-04-09 21:13:15 INFO  DB:45 - Last id is 541895800
2018-04-09 21:13:16 INFO  DB:49 - 23284 records is read, 716ms
2018-04-09 21:13:27 INFO  DB:72 - 23284 record is pushed, 10651ms
2018-04-09 21:13:27 INFO  DB:88 - Reader task stopped..
2018-04-09 21:13:28 INFO  DB:34 - Reader task started..
2018-04-09 21:13:28 INFO  DB:45 - Last id is 541925798
2018-04-09 21:13:29 INFO  DB:49 - 23334 records is read, 521ms
2018-04-09 21:13:39 INFO  DB:72 - 23334 record is pushed, 9639ms
2018-04-09 21:13:39 INFO  DB:88 - Reader task stopped..
2018-04-09 21:13:40 INFO  DB:34 - Reader task started..
2018-04-09 21:13:40 INFO  DB:45 - Last id is 541955798
2018-04-09 21:13:40 INFO  DB:49 - 23286 records is read, 400ms
2018-04-09 21:13:50 INFO  DB:72 - 23286 record is pushed, 9943ms
2018-04-09 21:13:51 INFO  DB:88 - Reader task stopped..
2018-04-09 21:13:52 INFO  DB:34 - Reader task started..
2018-04-09 21:13:52 INFO  DB:45 - Last id is 541985796
2018-04-09 21:13:52 INFO  DB:49 - 23303 records is read, 753ms
2018-04-09 21:14:03 INFO  DB:72 - 23303 record is pushed, 10215ms
2018-04-09 21:14:03 INFO  DB:88 - Reader task stopped..
2018-04-09 21:14:04 INFO  DB:34 - Reader task started..
2018-04-09 21:14:04 INFO  DB:45 - Last id is 542015796
2018-04-09 21:14:05 INFO  DB:49 - 23159 records is read, 389ms
2018-04-09 21:14:14 INFO  DB:72 - 23159 record is pushed, 9431ms
2018-04-09 21:14:14 INFO  DB:88 - Reader task stopped..
2018-04-09 21:14:15 INFO  DB:34 - Reader task started..
2018-04-09 21:14:15 INFO  DB:45 - Last id is 542045796
2018-04-09 21:14:16 INFO  DB:49 - 23243 records is read, 494ms
2018-04-09 21:14:26 INFO  DB:72 - 23243 record is pushed, 9545ms
2018-04-09 21:14:26 INFO  DB:88 - Reader task stopped..
2018-04-09 21:14:27 INFO  DB:34 - Reader task started..
2018-04-09 21:14:27 INFO  DB:45 - Last id is 542075796
2018-04-09 21:14:28 INFO  DB:49 - 23095 records is read, 812ms
2018-04-09 21:14:38 INFO  DB:72 - 23095 record is pushed, 9973ms
2018-04-09 21:14:38 INFO  DB:88 - Reader task stopped..
2018-04-09 21:14:39 INFO  DB:34 - Reader task started..
2018-04-09 21:14:39 INFO  DB:45 - Last id is 542105796
2018-04-09 21:14:40 INFO  DB:49 - 22860 records is read, 374ms
2018-04-09 21:14:50 INFO  DB:72 - 22860 record is pushed, 10149ms
2018-04-09 21:14:50 INFO  DB:88 - Reader task stopped..
2018-04-09 21:14:51 INFO  DB:34 - Reader task started..
2018-04-09 21:14:51 INFO  DB:45 - Last id is 542135796
2018-04-09 21:14:52 INFO  DB:49 - 22947 records is read, 393ms
2018-04-09 21:15:02 INFO  DB:72 - 22947 record is pushed, 10095ms
2018-04-09 21:15:02 INFO  DB:88 - Reader task stopped..
2018-04-09 21:15:03 INFO  DB:34 - Reader task started..
2018-04-09 21:15:03 INFO  DB:45 - Last id is 542165796
2018-04-09 21:15:04 INFO  DB:49 - 22928 records is read, 367ms
2018-04-09 21:15:14 INFO  DB:72 - 22928 record is pushed, 10074ms
2018-04-09 21:15:14 INFO  DB:88 - Reader task stopped..
2018-04-09 21:15:15 INFO  DB:34 - Reader task started..
2018-04-09 21:15:15 INFO  DB:45 - Last id is 542195796
2018-04-09 21:15:16 INFO  DB:49 - 13942 records is read, 191ms
2018-04-09 21:15:22 INFO  DB:72 - 13942 record is pushed, 6203ms
2018-04-09 21:15:23 INFO  DB:88 - Reader task stopped..
2018-04-09 21:15:24 INFO  DB:34 - Reader task started..
2018-04-09 21:15:24 INFO  DB:45 - Last id is 542215326
2018-04-09 21:15:24 INFO  DB:57 - Can't find any records
2018-04-09 21:15:24 INFO  DB:49 - 0 records is read, 3ms
2018-04-09 21:15:25 INFO  DB:34 - Reader task started..
2018-04-09 21:15:25 INFO  DB:45 - Last id is 542215326
2018-04-09 21:15:25 INFO  DB:57 - Can't find any records
2018-04-09 21:15:25 INFO  DB:49 - 0 records is read, 3ms
2018-04-09 21:15:26 INFO  DB:34 - Reader task started..
2018-04-09 21:15:26 INFO  DB:45 - Last id is 542215326
2018-04-09 21:15:26 INFO  DB:57 - Can't find any records
2018-04-09 21:15:26 INFO  DB:49 - 0 records is read, 2ms
2018-04-09 21:15:27 INFO  DB:34 - Reader task started..
2018-04-09 21:15:27 INFO  DB:45 - Last id is 542215326
2018-04-09 21:15:27 INFO  DB:57 - Can't find any records
2018-04-09 21:15:27 INFO  DB:49 - 0 records is read, 4ms
2018-04-09 21:15:28 INFO  DB:34 - Reader task started..
2018-04-09 21:15:28 INFO  DB:45 - Last id is 542215326
2018-04-09 21:15:28 INFO  DB:57 - Can't find any records
2018-04-09 21:15:28 INFO  DB:49 - 0 records is read, 3ms
2018-04-09 21:15:29 INFO  DB:34 - Reader task started..
2018-04-09 21:15:29 INFO  DB:45 - Last id is 542215326
2018-04-09 21:15:29 INFO  DB:57 - Can't find any records
2018-04-09 21:15:29 INFO  DB:49 - 0 records is read, 3ms
2018-04-09 21:15:30 INFO  DB:34 - Reader task started..
2018-04-09 21:15:30 INFO  DB:45 - Last id is 542215326
2018-04-09 21:15:30 INFO  DB:57 - Can't find any records
2018-04-09 21:15:30 INFO  DB:49 - 0 records is read, 1ms
2018-04-09 21:15:31 INFO  DB:34 - Reader task started..
2018-04-09 21:15:31 INFO  DB:45 - Last id is 542215326
2018-04-09 21:15:31 INFO  DB:57 - Can't find any records
2018-04-09 21:15:31 INFO  DB:49 - 0 records is read, 3ms
2018-04-09 21:15:32 INFO  DB:34 - Reader task started..
2018-04-09 21:15:32 INFO  DB:45 - Last id is 542215326
2018-04-09 21:15:32 INFO  DB:57 - Can't find any records
2018-04-09 21:15:32 INFO  DB:49 - 0 records is read, 3ms
2018-04-09 21:15:33 INFO  DB:34 - Reader task started..
2018-04-09 21:15:33 INFO  DB:45 - Last id is 542215326
2018-04-09 21:15:33 INFO  DB:57 - Can't find any records
2018-04-09 21:15:33 INFO  DB:49 - 0 records is read, 3ms
2018-04-09 21:15:34 INFO  DB:34 - Reader task started..
2018-04-09 21:15:34 INFO  DB:45 - Last id is 542215326
2018-04-09 21:15:34 INFO  DB:57 - Can't find any records
2018-04-09 21:15:34 INFO  DB:49 - 0 records is read, 2ms
2018-04-09 21:15:35 INFO  DB:34 - Reader task started..
2018-04-09 21:15:35 INFO  DB:45 - Last id is 542215326
2018-04-09 21:15:35 INFO  DB:57 - Can't find any records
2018-04-09 21:15:35 INFO  DB:49 - 0 records is read, 0ms
2018-04-09 21:15:36 INFO  DB:34 - Reader task started..
2018-04-09 21:15:36 INFO  DB:45 - Last id is 542215326
2018-04-09 21:15:36 INFO  DB:57 - Can't find any records
2018-04-09 21:15:36 INFO  DB:49 - 0 records is read, 0ms
2018-04-09 21:15:37 INFO  DB:34 - Reader task started..
2018-04-09 21:15:37 INFO  DB:45 - Last id is 542215326
2018-04-09 21:15:37 INFO  DB:57 - Can't find any records
2018-04-09 21:15:37 INFO  DB:49 - 0 records is read, 0ms
2018-04-09 21:38:01 INFO  DB:34 - Reader task started..
2018-04-09 21:38:01 INFO  DB:45 - Last id is 542215326
2018-04-09 21:38:01 INFO  DB:57 - Can't find any records
2018-04-09 21:38:01 INFO  DB:49 - 0 records is read, 226ms
2018-04-09 21:38:02 INFO  DB:34 - Reader task started..
2018-04-09 21:38:02 INFO  DB:45 - Last id is 542215326
2018-04-09 21:38:02 INFO  DB:57 - Can't find any records
2018-04-09 21:38:02 INFO  DB:49 - 0 records is read, 3ms
2018-04-09 21:38:03 INFO  DB:34 - Reader task started..
2018-04-09 21:38:03 INFO  DB:45 - Last id is 542215326
2018-04-09 21:38:03 INFO  DB:57 - Can't find any records
2018-04-09 21:38:03 INFO  DB:49 - 0 records is read, 4ms
2018-04-09 21:38:04 INFO  DB:34 - Reader task started..
2018-04-09 21:38:04 INFO  DB:45 - Last id is 542215326
2018-04-09 21:38:04 INFO  DB:57 - Can't find any records
2018-04-09 21:38:04 INFO  DB:49 - 0 records is read, 2ms
2018-04-09 21:38:05 INFO  DB:34 - Reader task started..
2018-04-09 21:38:05 INFO  DB:45 - Last id is 542215326
2018-04-09 21:38:05 INFO  DB:57 - Can't find any records
2018-04-09 21:38:05 INFO  DB:49 - 0 records is read, 2ms
2018-04-09 21:38:25 INFO  DB:34 - Reader task started..
2018-04-09 21:38:25 INFO  DB:45 - Last id is 542215326
2018-04-09 21:38:25 INFO  DB:57 - Can't find any records
2018-04-09 21:38:25 INFO  DB:49 - 0 records is read, 230ms
2018-04-09 21:38:26 INFO  DB:34 - Reader task started..
2018-04-09 21:38:26 INFO  DB:45 - Last id is 542215326
2018-04-09 21:38:26 INFO  DB:57 - Can't find any records
2018-04-09 21:38:26 INFO  DB:49 - 0 records is read, 4ms
2018-04-09 21:38:27 INFO  DB:34 - Reader task started..
2018-04-09 21:38:27 INFO  DB:45 - Last id is 542215326
2018-04-09 21:38:27 INFO  DB:57 - Can't find any records
2018-04-09 21:38:27 INFO  DB:49 - 0 records is read, 5ms
2018-04-09 21:38:28 INFO  DB:34 - Reader task started..
2018-04-09 21:38:28 INFO  DB:45 - Last id is 542215326
2018-04-09 21:38:28 INFO  DB:57 - Can't find any records
2018-04-09 21:38:28 INFO  DB:49 - 0 records is read, 2ms
2018-04-09 21:38:29 INFO  DB:34 - Reader task started..
2018-04-09 21:38:29 INFO  DB:45 - Last id is 542215326
2018-04-09 21:38:29 INFO  DB:57 - Can't find any records
2018-04-09 21:38:29 INFO  DB:49 - 0 records is read, 3ms
2018-04-09 21:39:36 INFO  DB:34 - Reader task started..
2018-04-09 21:39:37 INFO  DB:45 - Last id is 541865800
2018-04-09 21:39:38 INFO  DB:49 - 19655 records is read, 1092ms
2018-04-09 21:39:45 INFO  DB:72 - 19655 record is pushed, 6797ms
2018-04-09 21:39:45 INFO  DB:88 - Reader task stopped..
2018-04-09 21:39:46 INFO  DB:34 - Reader task started..
2018-04-09 21:39:46 INFO  DB:45 - Last id is 541895800
2018-04-09 21:39:47 INFO  DB:49 - 23284 records is read, 746ms
2018-04-09 21:39:57 INFO  DB:72 - 23284 record is pushed, 10084ms
2018-04-09 21:39:58 INFO  DB:88 - Reader task stopped..
2018-04-09 21:39:59 INFO  DB:34 - Reader task started..
2018-04-09 21:39:59 INFO  DB:45 - Last id is 541925798
2018-04-09 21:39:59 INFO  DB:49 - 23334 records is read, 546ms
2018-04-09 21:40:11 INFO  DB:72 - 23334 record is pushed, 11597ms
2018-04-09 21:40:11 INFO  DB:88 - Reader task stopped..
2018-04-09 21:40:12 INFO  DB:34 - Reader task started..
2018-04-09 21:40:12 INFO  DB:45 - Last id is 541955798
2018-04-09 21:40:13 INFO  DB:49 - 23286 records is read, 684ms
2018-04-09 21:40:27 INFO  DB:72 - 23286 record is pushed, 14149ms
2018-04-09 21:40:28 INFO  DB:88 - Reader task stopped..
2018-04-09 21:40:29 INFO  DB:34 - Reader task started..
2018-04-09 21:40:29 INFO  DB:45 - Last id is 541985796
2018-04-09 21:40:30 INFO  DB:49 - 23303 records is read, 917ms
2018-04-09 21:40:43 INFO  DB:72 - 23303 record is pushed, 13258ms
2018-04-09 21:40:43 INFO  DB:88 - Reader task stopped..
2018-04-09 21:40:44 INFO  DB:34 - Reader task started..
2018-04-09 21:40:44 INFO  DB:45 - Last id is 542015796
2018-04-09 21:40:45 INFO  DB:49 - 23159 records is read, 388ms
2018-04-09 21:41:01 INFO  DB:72 - 23159 record is pushed, 15574ms
2018-04-09 21:41:01 INFO  DB:88 - Reader task stopped..
2018-04-09 21:41:02 INFO  DB:34 - Reader task started..
2018-04-09 21:41:02 INFO  DB:45 - Last id is 542045796
2018-04-09 21:41:02 INFO  DB:49 - 23243 records is read, 415ms
2018-04-09 21:41:18 INFO  DB:72 - 23243 record is pushed, 15295ms
2018-04-09 21:41:18 INFO  DB:88 - Reader task stopped..
2018-04-09 21:41:19 INFO  DB:34 - Reader task started..
2018-04-09 21:41:19 INFO  DB:45 - Last id is 542075796
2018-04-09 21:41:19 INFO  DB:49 - 23095 records is read, 278ms
2018-04-09 21:41:33 INFO  DB:72 - 23095 record is pushed, 13580ms
2018-04-09 21:41:34 INFO  DB:88 - Reader task stopped..
2018-04-09 21:41:35 INFO  DB:34 - Reader task started..
2018-04-09 21:41:35 INFO  DB:45 - Last id is 542105796
2018-04-09 21:41:35 INFO  DB:49 - 22860 records is read, 383ms
2018-04-09 21:41:53 INFO  DB:72 - 22860 record is pushed, 17644ms
2018-04-09 21:41:54 INFO  DB:88 - Reader task stopped..
2018-04-09 21:41:55 INFO  DB:34 - Reader task started..
2018-04-09 21:41:55 INFO  DB:45 - Last id is 542135796
2018-04-09 21:41:55 INFO  DB:49 - 22947 records is read, 516ms
2018-04-09 21:42:10 INFO  DB:72 - 22947 record is pushed, 14790ms
2018-04-09 21:42:11 INFO  DB:88 - Reader task stopped..
2018-04-09 21:42:12 INFO  DB:34 - Reader task started..
2018-04-09 21:42:12 INFO  DB:45 - Last id is 542165796
2018-04-09 21:42:12 INFO  DB:49 - 22928 records is read, 439ms
2018-04-09 21:42:28 INFO  DB:72 - 22928 record is pushed, 15043ms
2018-04-09 21:42:28 INFO  DB:88 - Reader task stopped..
2018-04-09 21:42:29 INFO  DB:34 - Reader task started..
2018-04-09 21:42:29 INFO  DB:45 - Last id is 542195796
2018-04-09 21:42:29 INFO  DB:49 - 13942 records is read, 223ms
2018-04-09 21:42:40 INFO  DB:72 - 13942 record is pushed, 10822ms
2018-04-09 21:42:41 INFO  DB:88 - Reader task stopped..
2018-04-09 21:42:42 INFO  DB:34 - Reader task started..
2018-04-09 21:42:42 INFO  DB:45 - Last id is 542215326
2018-04-09 21:42:42 INFO  DB:57 - Can't find any records
2018-04-09 21:42:42 INFO  DB:49 - 0 records is read, 2ms
2018-04-09 21:42:43 INFO  DB:34 - Reader task started..
2018-04-09 21:42:43 INFO  DB:45 - Last id is 542215326
2018-04-09 21:42:43 INFO  DB:57 - Can't find any records
2018-04-09 21:42:43 INFO  DB:49 - 0 records is read, 0ms
2018-04-09 21:42:44 INFO  DB:34 - Reader task started..
2018-04-09 21:42:44 INFO  DB:45 - Last id is 542215326
2018-04-09 21:42:44 INFO  DB:57 - Can't find any records
2018-04-09 21:42:44 INFO  DB:49 - 0 records is read, 0ms
2018-04-09 21:42:45 INFO  DB:34 - Reader task started..
2018-04-09 21:42:45 INFO  DB:45 - Last id is 542215326
2018-04-09 21:42:45 INFO  DB:57 - Can't find any records
2018-04-09 21:42:45 INFO  DB:49 - 0 records is read, 0ms
2018-04-09 21:42:46 INFO  DB:34 - Reader task started..
2018-04-09 21:42:46 INFO  DB:45 - Last id is 542215326
2018-04-09 21:42:46 INFO  DB:57 - Can't find any records
2018-04-09 21:42:46 INFO  DB:49 - 0 records is read, 0ms
2018-04-09 21:42:47 INFO  DB:34 - Reader task started..
2018-04-09 21:42:47 INFO  DB:45 - Last id is 542215326
2018-04-09 21:42:47 INFO  DB:57 - Can't find any records
2018-04-09 21:42:47 INFO  DB:49 - 0 records is read, 3ms
2018-04-09 21:42:48 INFO  DB:34 - Reader task started..
2018-04-09 21:42:48 INFO  DB:45 - Last id is 542215326
2018-04-09 21:42:48 INFO  DB:57 - Can't find any records
2018-04-09 21:42:48 INFO  DB:49 - 0 records is read, 2ms
2018-04-09 21:42:49 INFO  DB:34 - Reader task started..
2018-04-09 21:42:49 INFO  DB:45 - Last id is 542215326
2018-04-09 21:42:49 INFO  DB:57 - Can't find any records
2018-04-09 21:42:49 INFO  DB:49 - 0 records is read, 1ms
2018-04-09 21:42:50 INFO  DB:34 - Reader task started..
2018-04-09 21:42:50 INFO  DB:45 - Last id is 542215326
2018-04-09 21:42:50 INFO  DB:57 - Can't find any records
2018-04-09 21:42:50 INFO  DB:49 - 0 records is read, 2ms
2018-04-09 21:42:51 INFO  DB:34 - Reader task started..
2018-04-09 21:42:51 INFO  DB:45 - Last id is 542215326
2018-04-09 21:42:51 INFO  DB:57 - Can't find any records
2018-04-09 21:42:51 INFO  DB:49 - 0 records is read, 4ms
2018-04-09 21:42:52 INFO  DB:34 - Reader task started..
2018-04-09 21:42:52 INFO  DB:45 - Last id is 542215326
2018-04-09 21:42:52 INFO  DB:57 - Can't find any records
2018-04-09 21:42:52 INFO  DB:49 - 0 records is read, 2ms
2018-04-09 21:42:53 INFO  DB:34 - Reader task started..
2018-04-09 21:42:53 INFO  DB:45 - Last id is 542215326
2018-04-09 21:42:53 INFO  DB:57 - Can't find any records
2018-04-09 21:42:53 INFO  DB:49 - 0 records is read, 2ms
2018-04-09 21:42:54 INFO  DB:34 - Reader task started..
2018-04-09 21:42:54 INFO  DB:45 - Last id is 542215326
2018-04-09 21:42:54 INFO  DB:57 - Can't find any records
2018-04-09 21:42:54 INFO  DB:49 - 0 records is read, 4ms
2018-04-09 21:42:55 INFO  DB:34 - Reader task started..
2018-04-09 21:42:55 INFO  DB:45 - Last id is 542215326
2018-04-09 21:42:55 INFO  DB:57 - Can't find any records
2018-04-09 21:42:55 INFO  DB:49 - 0 records is read, 2ms
2018-04-09 21:42:56 INFO  DB:34 - Reader task started..
2018-04-09 21:42:56 INFO  DB:45 - Last id is 542215326
2018-04-09 21:42:56 INFO  DB:57 - Can't find any records
2018-04-09 21:42:56 INFO  DB:49 - 0 records is read, 1ms
2018-04-09 21:42:57 INFO  DB:34 - Reader task started..
2018-04-09 21:42:57 INFO  DB:45 - Last id is 542215326
2018-04-09 21:42:57 INFO  DB:57 - Can't find any records
2018-04-09 21:42:57 INFO  DB:49 - 0 records is read, 4ms
2018-04-09 21:42:58 INFO  DB:34 - Reader task started..
2018-04-09 21:42:58 INFO  DB:45 - Last id is 542215326
2018-04-09 21:42:58 INFO  DB:57 - Can't find any records
2018-04-09 21:42:58 INFO  DB:49 - 0 records is read, 2ms
2018-04-09 21:42:59 INFO  DB:34 - Reader task started..
2018-04-09 21:42:59 INFO  DB:45 - Last id is 542215326
2018-04-09 21:42:59 INFO  DB:57 - Can't find any records
2018-04-09 21:42:59 INFO  DB:49 - 0 records is read, 1ms
2018-04-09 21:43:00 INFO  DB:34 - Reader task started..
2018-04-09 21:43:00 INFO  DB:45 - Last id is 542215326
2018-04-09 21:43:00 INFO  DB:57 - Can't find any records
2018-04-09 21:43:00 INFO  DB:49 - 0 records is read, 2ms
2018-04-09 21:43:01 INFO  DB:34 - Reader task started..
2018-04-09 21:43:01 INFO  DB:45 - Last id is 542215326
2018-04-09 21:43:01 INFO  DB:57 - Can't find any records
2018-04-09 21:43:01 INFO  DB:49 - 0 records is read, 2ms
2018-04-09 21:43:02 INFO  DB:34 - Reader task started..
2018-04-09 21:43:02 INFO  DB:45 - Last id is 542215326
2018-04-09 21:43:02 INFO  DB:57 - Can't find any records
2018-04-09 21:43:02 INFO  DB:49 - 0 records is read, 1ms
2018-04-09 21:43:03 INFO  DB:34 - Reader task started..
2018-04-09 21:43:03 INFO  DB:45 - Last id is 542215326
2018-04-09 21:43:03 INFO  DB:57 - Can't find any records
2018-04-09 21:43:03 INFO  DB:49 - 0 records is read, 2ms
2018-04-09 21:43:04 INFO  DB:34 - Reader task started..
2018-04-09 21:43:04 INFO  DB:45 - Last id is 542215326
2018-04-09 21:43:04 INFO  DB:57 - Can't find any records
2018-04-09 21:43:04 INFO  DB:49 - 0 records is read, 2ms
2018-04-09 21:43:05 INFO  DB:34 - Reader task started..
2018-04-09 21:43:05 INFO  DB:45 - Last id is 542215326
2018-04-09 21:43:05 INFO  DB:57 - Can't find any records
2018-04-09 21:43:05 INFO  DB:49 - 0 records is read, 1ms
2018-04-09 21:43:06 INFO  DB:34 - Reader task started..
2018-04-09 21:43:06 INFO  DB:45 - Last id is 542215326
2018-04-09 21:43:06 INFO  DB:57 - Can't find any records
2018-04-09 21:43:06 INFO  DB:49 - 0 records is read, 2ms
2018-04-09 21:43:07 INFO  DB:34 - Reader task started..
2018-04-09 21:43:07 INFO  DB:45 - Last id is 542215326
2018-04-09 21:43:07 INFO  DB:57 - Can't find any records
2018-04-09 21:43:07 INFO  DB:49 - 0 records is read, 2ms
2018-04-09 21:43:08 INFO  DB:34 - Reader task started..
2018-04-09 21:43:08 INFO  DB:45 - Last id is 542215326
2018-04-09 21:43:08 INFO  DB:57 - Can't find any records
2018-04-09 21:43:08 INFO  DB:49 - 0 records is read, 1ms
2018-04-09 21:43:09 INFO  DB:34 - Reader task started..
2018-04-09 21:43:09 INFO  DB:45 - Last id is 542215326
2018-04-09 21:43:09 INFO  DB:57 - Can't find any records
2018-04-09 21:43:09 INFO  DB:49 - 0 records is read, 1ms
2018-04-10 16:55:53 INFO  DB:34 - Reader task started..
2018-04-10 16:55:53 INFO  DB:45 - Last id is 542215326
2018-04-10 16:55:53 INFO  DB:57 - Can't find any records
2018-04-10 16:55:53 INFO  DB:49 - 0 records is read, 503ms
2018-04-10 16:55:54 INFO  DB:34 - Reader task started..
2018-04-10 16:55:54 INFO  DB:45 - Last id is 542215326
2018-04-10 16:55:54 INFO  DB:57 - Can't find any records
2018-04-10 16:55:54 INFO  DB:49 - 0 records is read, 3ms
2018-04-10 16:55:55 INFO  DB:34 - Reader task started..
2018-04-10 16:55:55 INFO  DB:45 - Last id is 542215326
2018-04-10 16:55:55 INFO  DB:57 - Can't find any records
2018-04-10 16:55:55 INFO  DB:49 - 0 records is read, 2ms
2018-04-10 16:55:56 INFO  DB:34 - Reader task started..
2018-04-10 16:55:56 INFO  DB:45 - Last id is 542215326
2018-04-10 16:55:56 INFO  DB:57 - Can't find any records
2018-04-10 16:55:56 INFO  DB:49 - 0 records is read, 2ms
2018-04-10 16:55:57 INFO  DB:34 - Reader task started..
2018-04-10 16:55:57 INFO  DB:45 - Last id is 542215326
2018-04-10 16:55:57 INFO  DB:57 - Can't find any records
2018-04-10 16:55:57 INFO  DB:49 - 0 records is read, 2ms
2018-04-10 16:55:58 INFO  DB:34 - Reader task started..
2018-04-10 16:55:58 INFO  DB:45 - Last id is 542215326
2018-04-10 16:55:58 INFO  DB:57 - Can't find any records
2018-04-10 16:55:58 INFO  DB:49 - 0 records is read, 1ms
2018-04-10 16:55:59 INFO  DB:34 - Reader task started..
2018-04-10 16:55:59 INFO  DB:45 - Last id is 542215326
2018-04-10 16:55:59 INFO  DB:57 - Can't find any records
2018-04-10 16:55:59 INFO  DB:49 - 0 records is read, 2ms
2018-04-10 16:56:00 INFO  DB:34 - Reader task started..
2018-04-10 16:56:00 INFO  DB:45 - Last id is 542215326
2018-04-10 16:56:00 INFO  DB:57 - Can't find any records
2018-04-10 16:56:00 INFO  DB:49 - 0 records is read, 1ms
2018-04-10 16:56:01 INFO  DB:34 - Reader task started..
2018-04-10 16:56:01 INFO  DB:45 - Last id is 542215326
2018-04-10 16:56:01 INFO  DB:57 - Can't find any records
2018-04-10 16:56:01 INFO  DB:49 - 0 records is read, 8ms
2018-04-10 16:56:02 INFO  DB:34 - Reader task started..
2018-04-10 16:56:02 INFO  DB:45 - Last id is 542215326
2018-04-10 16:56:02 INFO  DB:57 - Can't find any records
2018-04-10 16:56:02 INFO  DB:49 - 0 records is read, 1ms
2018-04-10 16:56:03 INFO  DB:34 - Reader task started..
2018-04-10 16:56:03 INFO  DB:45 - Last id is 542215326
2018-04-10 16:56:03 INFO  DB:57 - Can't find any records
2018-04-10 16:56:03 INFO  DB:49 - 0 records is read, 2ms
2018-04-10 16:56:04 INFO  DB:34 - Reader task started..
2018-04-10 16:56:04 INFO  DB:45 - Last id is 542215326
2018-04-10 16:56:04 INFO  DB:57 - Can't find any records
2018-04-10 16:56:04 INFO  DB:49 - 0 records is read, 3ms
2018-04-10 16:56:05 INFO  DB:34 - Reader task started..
2018-04-10 16:56:05 INFO  DB:45 - Last id is 542215326
2018-04-10 16:56:05 INFO  DB:57 - Can't find any records
2018-04-10 16:56:05 INFO  DB:49 - 0 records is read, 1ms
2018-04-10 16:56:06 INFO  DB:34 - Reader task started..
2018-04-10 16:56:06 INFO  DB:45 - Last id is 542215326
2018-04-10 16:56:06 INFO  DB:57 - Can't find any records
2018-04-10 16:56:06 INFO  DB:49 - 0 records is read, 2ms
2018-04-10 16:56:07 INFO  DB:34 - Reader task started..
2018-04-10 16:56:07 INFO  DB:45 - Last id is 542215326
2018-04-10 16:56:07 INFO  DB:57 - Can't find any records
2018-04-10 16:56:07 INFO  DB:49 - 0 records is read, 1ms
2018-04-10 16:56:08 INFO  DB:34 - Reader task started..
2018-04-10 16:56:08 INFO  DB:45 - Last id is 542215326
2018-04-10 16:56:08 INFO  DB:57 - Can't find any records
2018-04-10 16:56:08 INFO  DB:49 - 0 records is read, 3ms
2018-04-10 16:56:09 INFO  DB:34 - Reader task started..
2018-04-10 16:56:09 INFO  DB:45 - Last id is 542215326
2018-04-10 16:56:09 INFO  DB:57 - Can't find any records
2018-04-10 16:56:09 INFO  DB:49 - 0 records is read, 1ms
2018-04-10 16:56:18 INFO  DB:34 - Reader task started..
2018-04-10 16:56:18 INFO  DB:45 - Last id is 541865800
2018-04-10 16:56:19 INFO  DB:49 - 19655 records is read, 1522ms
2018-04-10 16:56:21 ERROR EndPoint:41 - java.net.ConnectException: Connection refused: connect
